1c1
< STAGE0:  JohnPaul Flores, Steven Womack  Tue Nov  8 14:16:00 2022
---
> STAGE1:  YOUR NAME(S)       Thu Nov 19 08:15:22 2020
13,14c13,22
<     9|    read(
< Error: Line 9: keyword "end" expected
---
>     9|    read(f);
>    10|    read(g);
>    11|    read(h);
>    12|    c := f <= g;
>    13|    d := a = b;
>    14|    e := f = h;
>    15|    write(c);
>    16|    write(d);
>    17|    write(e);
>    18|  end.
16c24
< COMPILATION TERMINATED      1 ERROR ENCOUNTERED
---
> COMPILATION TERMINATED      0 ERRORS ENCOUNTERED
