1c1
< ; JohnPaul Flores & Steven Womack    Tue Nov  8 14:16:00 2022
---
> ; YOUR NAME(S)       Thu Nov 19 08:15:23 2020
8a9,47
>         call    ReadInt                 ; read int; value placed in eax
>         mov     [I0],eax                ; store eax at a
>         call    ReadInt                 ; read int; value placed in eax
>         mov     [I1],eax                ; store eax at b
>         add     eax,[I0]                ; AReg = b + a
>         mov     [I2],eax                ; r = AReg
>         mov     eax,[I0]                ; load a in eax
>         call    WriteInt                ; write int in eax to standard out
>         call    Crlf                    ; write \r\n to standard out
>         mov     eax,[I1]                ; load b in eax
>         call    WriteInt                ; write int in eax to standard out
>         call    Crlf                    ; write \r\n to standard out
>         mov     eax,[I2]                ; load r in eax
>         call    WriteInt                ; write int in eax to standard out
>         call    Crlf                    ; write \r\n to standard out
>         mov     eax,[I0]                ; AReg = a
>         add     eax,[I1]                ; AReg = a + b
>         mov     [I2],eax                ; r = AReg
>         mov     eax,[I0]                ; load a in eax
>         call    WriteInt                ; write int in eax to standard out
>         call    Crlf                    ; write \r\n to standard out
>         mov     eax,[I1]                ; load b in eax
>         call    WriteInt                ; write int in eax to standard out
>         call    Crlf                    ; write \r\n to standard out
>         mov     eax,[I2]                ; load r in eax
>         call    WriteInt                ; write int in eax to standard out
>         call    Crlf                    ; write \r\n to standard out
>         mov     eax,[I0]                ; AReg = a
>         add     eax,[I3]                ; AReg = a + 5
>         mov     [I2],eax                ; r = AReg
>         mov     eax,[I0]                ; load a in eax
>         call    WriteInt                ; write int in eax to standard out
>         call    Crlf                    ; write \r\n to standard out
>         mov     eax,[I1]                ; load b in eax
>         call    WriteInt                ; write int in eax to standard out
>         call    Crlf                    ; write \r\n to standard out
>         mov     eax,[I2]                ; load r in eax
>         call    WriteInt                ; write int in eax to standard out
>         call    Crlf                    ; write \r\n to standard out
10a50,56
> SECTION .data                           
> I3      dd      5                       ; 5
> 
> SECTION .bss                            
> I0      resd    1                       ; a
> I1      resd    1                       ; b
> I2      resd    1                       ; r
