1c1
< STAGE0:  JohnPaul Flores, Steven Womack  Tue Nov  8 14:15:59 2022
---
> STAGE1:  YOUR NAME(S)       Thu Nov 19 08:15:22 2020
13,14c13,21
<     9|    d 
< Error: Line 9: keyword "end" expected
---
>     9|    d := yes and no;
>    10|    a := (((yes)));
>    11|    b := yes or no;
>    12|    c := not b;
>    13|    write(d);
>    14|    write(a);
>    15|    write(b);
>    16|    write(c);
>    17|  end .
16c23
< COMPILATION TERMINATED      1 ERROR ENCOUNTERED
---
> COMPILATION TERMINATED      0 ERRORS ENCOUNTERED
