1c1
< STAGE0:  JohnPaul Flores, Steven Womack  Tue Nov  8 14:16:00 2022
---
> STAGE1:  YOUR NAME(S)       Thu Nov 19 08:15:22 2020
9,10c9,35
<     5|  read(
< Error: Line 5: keyword "end" expected
---
>     5|  read(a,b,c,d,e,f,g,h,i,j,k,l,m,n,o,p,q,r,s,t,u,v,w,x,y,z);
>     6|  sum := (a-b)-
>     7|         ((c-d)-
>     8|          ((e-f)-
>     9|           ((g-h)-
>    10|            ((i-j)-
>    11|             ((k-l)-
>    12|              ((m-n)-
>    13|               ((o-p)-
>    14|                ((q-r)-
>    15|                 ((s-t)-
>    16|                  ((u-v)-
>    17|                   ((w-x)-
>    18|                    (y-z)
>    19|                   )
>    20|                  )
>    21|                 )
>    22|                )
>    23|               )
>    24|              )
>    25|             )
>    26|            )
>    27|           )
>    28|          )
>    29|         );
>    30|  write(sum);
>    31|end.
12c37
< COMPILATION TERMINATED      1 ERROR ENCOUNTERED
---
> COMPILATION TERMINATED      0 ERRORS ENCOUNTERED
