1c1
< STAGE0:  JohnPaul Flores, Steven Womack  Tue Nov  8 14:16:00 2022
---
> STAGE1:  YOUR NAME(S)       Thu Nov 19 08:15:23 2020
9,10c9,16
<     5|  read(
< Error: Line 5: keyword "end" expected
---
>     5|  read(a, b);
>     6|  r := +(a + b);
>     7|  write(a, b, r);
>     8|  r := +a + +b;
>     9|  write(a, b, r);
>    10|  r := +(+a + +5);
>    11|  write(a, b, r);
>    12|end.
12c18
< COMPILATION TERMINATED      1 ERROR ENCOUNTERED
---
> COMPILATION TERMINATED      0 ERRORS ENCOUNTERED
