1,13c1,13
< ; JohnPaul Flores & Steven Womack    Fri Nov  4 17:47:10 2022
< %INCLUDE "Along32.inc"
< %INCLUDE "Macros_Along.inc"
< 
< SECTION .text                           
< global  _start                          ; program stage0no036_this_name_is_really_long
< 
< _start:                                 
<         Exit    {0}                     
< 
< SECTION .data                           
< 
< SECTION .bss                            
---
> ; YOUR NAME(S)       Mon Oct 19 17:06:19 2020
> %INCLUDE "Along32.inc"
> %INCLUDE "Macros_Along.inc"
> 
> SECTION .text                           
> global  _start                          ; program stage0no036_thi
> 
> _start:                                 
>         Exit    {0}                     
> 
> SECTION .data                           
> 
> SECTION .bss                            
